Flow report for Hill_Cipher_A1
Fri Jan 15 14:31:14 2016
Quartus II 64-Bit Version 15.0.0 Build 145 04/22/2015 SJ Full Version


---------------------
; Table of Contents ;
---------------------
  1. Legal Notice
  2. Flow Summary
  3. Flow Settings
  4. Flow Non-Default Global Settings
  5. Flow Elapsed Time
  6. Flow OS Summary
  7. Flow Log
  8. Flow Messages
  9. Flow Suppressed Messages



----------------
; Legal Notice ;
----------------
Copyright (C) 1991-2015 Altera Corporation. All rights reserved.
Your use of Altera Corporation's design tools, logic functions 
and other software and tools, and its AMPP partner logic 
functions, and any output files from any of the foregoing 
(including device programming or simulation files), and any 
associated documentation or information are expressly subject 
to the terms and conditions of the Altera Program License 
Subscription Agreement, the Altera Quartus II License Agreement,
the Altera MegaCore Function License Agreement, or other 
applicable license agreement, including, without limitation, 
that your use is for the sole purpose of programming logic 
devices manufactured by Altera and sold by Altera or its 
authorized distributors.  Please refer to the applicable 
agreement for further details.



+----------------------------------------------------------------------------------+
; Flow Summary                                                                     ;
+------------------------------------+---------------------------------------------+
; Flow Status                        ; Successful - Fri Jan 15 14:31:14 2016       ;
; Quartus II 64-Bit Version          ; 15.0.0 Build 145 04/22/2015 SJ Full Version ;
; Revision Name                      ; Hill_Cipher_A1                              ;
; Top-level Entity Name              ; key_inverter                                ;
; Family                             ; Cyclone IV E                                ;
; Total logic elements               ; 430 / 6,272 ( 7 % )                         ;
;     Total combinational functions  ; 426 / 6,272 ( 7 % )                         ;
;     Dedicated logic registers      ; 148 / 6,272 ( 2 % )                         ;
; Total registers                    ; 148                                         ;
; Total pins                         ; 73 / 180 ( 41 % )                           ;
; Total virtual pins                 ; 0                                           ;
; Total memory bits                  ; 64 / 276,480 ( < 1 % )                      ;
; Embedded Multiplier 9-bit elements ; 0 / 30 ( 0 % )                              ;
; Total PLLs                         ; 0 / 2 ( 0 % )                               ;
; Device                             ; EP4CE6F17C6                                 ;
; Timing Models                      ; Final                                       ;
+------------------------------------+---------------------------------------------+


+-----------------------------------------+
; Flow Settings                           ;
+-------------------+---------------------+
; Option            ; Setting             ;
+-------------------+---------------------+
; Start date & time ; 01/15/2016 14:29:48 ;
; Main task         ; Compilation         ;
; Revision Name     ; Hill_Cipher_A1      ;
+-------------------+---------------------+


+--------------------------------------------------------------------------------------------------------------------+
; Flow Non-Default Global Settings                                                                                   ;
+-------------------------------------+---------------------------------+----------------+--------------+------------+
; Assignment Name                     ; Value                           ; Default Value  ; Entity Name  ; Section Id ;
+-------------------------------------+---------------------------------+----------------+--------------+------------+
; COMPILER_SIGNATURE_ID               ; 203178703681275.145288618810024 ; --             ; --           ; --         ;
; PARTITION_COLOR                     ; 16764057                        ; --             ; key_inverter ; Top        ;
; PARTITION_FITTER_PRESERVATION_LEVEL ; PLACEMENT_AND_ROUTING           ; --             ; key_inverter ; Top        ;
; PARTITION_NETLIST_TYPE              ; SOURCE                          ; --             ; key_inverter ; Top        ;
; PROJECT_OUTPUT_DIRECTORY            ; output_files                    ; --             ; --           ; --         ;
; TOP_LEVEL_ENTITY                    ; key_inverter                    ; Hill_Cipher_A1 ; --           ; --         ;
+-------------------------------------+---------------------------------+----------------+--------------+------------+


+-------------------------------------------------------------------------------------------------------------------------------+
; Flow Elapsed Time                                                                                                             ;
+---------------------------+--------------+-------------------------+---------------------+------------------------------------+
; Module Name               ; Elapsed Time ; Average Processors Used ; Peak Virtual Memory ; Total CPU Time (on all processors) ;
+---------------------------+--------------+-------------------------+---------------------+------------------------------------+
; Analysis & Synthesis      ; 00:00:12     ; 1.0                     ; 719 MB              ; 00:00:23                           ;
; Fitter                    ; 00:00:11     ; 1.3                     ; 1420 MB             ; 00:00:08                           ;
; Assembler                 ; 00:00:03     ; 1.0                     ; 605 MB              ; 00:00:01                           ;
; TimeQuest Timing Analyzer ; 00:00:05     ; 1.0                     ; 720 MB              ; 00:00:02                           ;
; EDA Netlist Writer        ; 00:00:02     ; 1.0                     ; 558 MB              ; 00:00:00                           ;
; EDA Netlist Writer        ; 00:00:13     ; 1.0                     ; 573 MB              ; 00:00:01                           ;
; Total                     ; 00:00:46     ; --                      ; --                  ; 00:00:35                           ;
+---------------------------+--------------+-------------------------+---------------------+------------------------------------+


+----------------------------------------------------------------------------------------+
; Flow OS Summary                                                                        ;
+---------------------------+------------------+-----------+------------+----------------+
; Module Name               ; Machine Hostname ; OS Name   ; OS Version ; Processor type ;
+---------------------------+------------------+-----------+------------+----------------+
; Analysis & Synthesis      ; 156TR4120CA-12   ; Windows 7 ; 6.1        ; x86_64         ;
; Fitter                    ; 156TR4120CA-12   ; Windows 7 ; 6.1        ; x86_64         ;
; Assembler                 ; 156TR4120CA-12   ; Windows 7 ; 6.1        ; x86_64         ;
; TimeQuest Timing Analyzer ; 156TR4120CA-12   ; Windows 7 ; 6.1        ; x86_64         ;
; EDA Netlist Writer        ; 156TR4120CA-12   ; Windows 7 ; 6.1        ; x86_64         ;
; EDA Netlist Writer        ; 156TR4120CA-12   ; Windows 7 ; 6.1        ; x86_64         ;
+---------------------------+------------------+-----------+------------+----------------+


------------
; Flow Log ;
------------
quartus_map --read_settings_files=on --write_settings_files=off Hill_Cipher_A1 -c Hill_Cipher_A1
quartus_fit --read_settings_files=off --write_settings_files=off Hill_Cipher_A1 -c Hill_Cipher_A1
quartus_asm --read_settings_files=off --write_settings_files=off Hill_Cipher_A1 -c Hill_Cipher_A1
quartus_sta Hill_Cipher_A1 -c Hill_Cipher_A1
quartus_eda --gen_testbench --check_outputs=on --tool=modelsim_oem --format=verilog --write_settings_files=off Hill_Cipher_A1 -c Hill_Cipher_A1 --vector_source=P:/CompArchLab/Assignment1/key_inverter.vwf --testbench_file=P:/CompArchLab/Assignment1/simulation/qsim/key_inverter.vwf.vt
quartus_eda --write_settings_files=off --functional=off --flatten_buses=off --timescale=1ps --simulation=on --tool=modelsim_oem --format=verilog --output_directory=P:/CompArchLab/Assignment1/simulation/qsim/ Hill_Cipher_A1 -c Hill_Cipher_A1



